2025-03-22 17:46:06 [main] INFO  Log - Starting webDriver...
2025-03-22 17:46:11 [main] INFO  Log - Navigating to URL...
2025-03-22 17:46:14 [main] INFO  Log - Closing browser...
2025-03-22 17:47:44 [main] INFO  Log - Starting webDriver...
2025-03-22 17:47:46 [main] INFO  Log - Navigating to URL...
2025-03-22 17:47:49 [main] INFO  Log - Closing browser...
2025-03-23 12:31:58 [main] INFO  Log - Starting webDriver...
2025-03-23 12:32:03 [main] INFO  Log - Navigating to URL...
2025-03-23 12:32:07 [main] INFO  Log - Closing browser...
2025-03-23 12:34:19 [main] INFO  Log - Starting webDriver...
2025-03-23 12:34:21 [main] INFO  Log - Navigating to URL...
2025-03-23 12:34:24 [main] INFO  Log - Starting login test...
2025-03-23 12:34:24 [main] INFO  Log - Adding credentials...
2025-03-23 12:34:24 [main] INFO  Log - Closing browser...
2025-03-23 12:36:54 [main] INFO  Log - Starting webDriver...
2025-03-23 12:36:55 [main] INFO  Log - Navigating to URL...
2025-03-23 12:36:59 [main] INFO  Log - Starting login test...
2025-03-23 12:36:59 [main] INFO  Log - Adding credentials...
2025-03-23 12:36:59 [main] INFO  Log - Closing browser...
2025-03-23 13:02:58 [main] INFO  Log - Starting webDriver...
2025-03-23 13:03:00 [main] INFO  Log - Navigating to URL...
2025-03-23 13:03:03 [main] INFO  Log - Starting login test...
2025-03-23 13:03:03 [main] INFO  Log - Adding credentials...
2025-03-23 13:03:04 [main] INFO  Log - Closing browser...
2025-03-23 13:07:30 [main] INFO  Log - Starting webDriver...
2025-03-23 13:07:32 [main] INFO  Log - Navigating to URL...
2025-03-23 13:07:35 [main] INFO  Log - Starting login test...
2025-03-23 13:07:35 [main] INFO  Log - Adding credentials...
2025-03-23 13:07:36 [main] INFO  Log - Closing browser...
2025-03-23 13:10:30 [main] INFO  Log - Starting webDriver...
2025-03-23 13:10:32 [main] INFO  Log - Navigating to URL...
2025-03-23 13:10:35 [main] INFO  Log - Starting login test...
2025-03-23 13:10:35 [main] INFO  Log - Adding credentials...
2025-03-23 13:10:36 [main] INFO  Log - Closing browser...
2025-03-23 13:10:36 [main] INFO  Log - Starting webDriver...
2025-03-23 13:10:37 [main] INFO  Log - Navigating to URL...
2025-03-23 13:10:40 [main] INFO  Log - Starting login test...
2025-03-23 13:10:40 [main] INFO  Log - Adding credentials...
2025-03-23 13:10:41 [main] INFO  Log - Closing browser...
2025-03-23 13:11:10 [main] INFO  Log - Starting webDriver...
2025-03-23 13:11:11 [main] INFO  Log - Navigating to URL...
2025-03-23 13:11:14 [main] INFO  Log - Starting login test...
2025-03-23 13:11:14 [main] INFO  Log - Adding credentials...
2025-03-23 13:11:15 [main] INFO  Log - Closing browser...
2025-03-23 13:11:15 [main] INFO  Log - Starting webDriver...
2025-03-23 13:11:17 [main] INFO  Log - Navigating to URL...
2025-03-23 13:11:20 [main] INFO  Log - Starting login test...
2025-03-23 13:11:20 [main] INFO  Log - Adding credentials...
2025-03-23 13:11:20 [main] INFO  Log - Closing browser...
2025-03-23 13:12:08 [main] INFO  Log - Starting webDriver...
2025-03-23 13:12:09 [main] INFO  Log - Navigating to URL...
2025-03-23 13:12:12 [main] INFO  Log - Starting login test...
2025-03-23 13:12:12 [main] INFO  Log - Adding credentials...
2025-03-23 13:12:13 [main] INFO  Log - Closing browser...
2025-03-23 13:12:13 [main] INFO  Log - Starting webDriver...
2025-03-23 13:12:14 [main] INFO  Log - Navigating to URL...
2025-03-23 13:12:18 [main] INFO  Log - Starting login test...
2025-03-23 13:12:18 [main] INFO  Log - Adding credentials...
2025-03-23 13:12:18 [main] INFO  Log - Closing browser...
2025-03-23 13:13:30 [main] INFO  Log - Starting webDriver...
2025-03-23 13:13:32 [main] INFO  Log - Navigating to URL...
2025-03-23 13:13:35 [main] INFO  Log - Starting login test...
2025-03-23 13:13:35 [main] INFO  Log - Adding credentials...
2025-03-23 13:13:35 [main] INFO  Log - Closing browser...
2025-03-23 13:13:35 [main] INFO  Log - Starting webDriver...
2025-03-23 13:13:37 [main] INFO  Log - Navigating to URL...
2025-03-23 13:13:40 [main] INFO  Log - Starting login test...
2025-03-23 13:13:40 [main] INFO  Log - Adding credentials...
2025-03-23 13:13:40 [main] INFO  Log - Closing browser...
2025-03-23 13:15:17 [main] INFO  Log - Starting webDriver...
2025-03-23 13:15:19 [main] INFO  Log - Navigating to URL...
2025-03-23 13:15:22 [main] INFO  Log - Starting login test...
2025-03-23 13:15:22 [main] INFO  Log - Adding credentials...
2025-03-23 13:15:23 [main] INFO  Log - Closing browser...
2025-03-23 13:17:54 [main] INFO  Log - Starting webDriver...
2025-03-23 13:17:56 [main] INFO  Log - Navigating to URL...
2025-03-23 13:17:59 [main] INFO  Log - Starting login test...
2025-03-23 13:17:59 [main] INFO  Log - Adding credentials...
2025-03-23 13:17:59 [main] INFO  Log - Closing browser...
2025-03-23 13:18:00 [main] INFO  Log - Starting webDriver...
2025-03-23 13:18:01 [main] INFO  Log - Navigating to URL...
2025-03-23 13:18:04 [main] INFO  Log - Starting login test...
2025-03-23 13:18:04 [main] INFO  Log - Adding credentials...
2025-03-23 13:18:04 [main] INFO  Log - Closing browser...
2025-03-23 13:19:12 [main] INFO  Log - Starting webDriver...
2025-03-23 13:19:14 [main] INFO  Log - Navigating to URL...
2025-03-23 13:19:17 [main] INFO  Log - Starting login test...
2025-03-23 13:19:17 [main] INFO  Log - Adding credentials...
2025-03-23 13:19:17 [main] INFO  Log - Closing browser...
2025-03-23 13:19:17 [main] INFO  Log - Starting webDriver...
2025-03-23 13:19:19 [main] INFO  Log - Navigating to URL...
2025-03-23 13:19:22 [main] INFO  Log - Starting login test...
2025-03-23 13:19:22 [main] INFO  Log - Adding credentials...
2025-03-23 13:19:22 [main] INFO  Log - Closing browser...
2025-03-23 13:20:08 [main] INFO  Log - Starting webDriver...
2025-03-23 13:20:10 [main] INFO  Log - Navigating to URL...
2025-03-23 13:20:13 [main] INFO  Log - Starting login test...
2025-03-23 13:20:13 [main] INFO  Log - Adding credentials...
2025-03-23 13:20:13 [main] INFO  Log - Closing browser...
2025-03-23 13:20:14 [main] INFO  Log - Starting webDriver...
2025-03-23 13:20:15 [main] INFO  Log - Navigating to URL...
2025-03-23 13:20:18 [main] INFO  Log - Starting login test...
2025-03-23 13:20:18 [main] INFO  Log - Adding credentials...
2025-03-23 13:20:19 [main] INFO  Log - Closing browser...
2025-03-23 13:22:48 [main] INFO  Log - Starting webDriver...
2025-03-23 13:22:49 [main] INFO  Log - Navigating to URL...
2025-03-23 13:22:53 [main] INFO  Log - Starting login test...
2025-03-23 13:22:53 [main] INFO  Log - Adding credentials...
2025-03-23 13:22:53 [main] INFO  Log - Closing browser...
2025-03-23 13:22:53 [main] INFO  Log - Starting webDriver...
2025-03-23 13:22:55 [main] INFO  Log - Navigating to URL...
2025-03-23 13:22:58 [main] INFO  Log - Starting login test...
2025-03-23 13:22:58 [main] INFO  Log - Adding credentials...
2025-03-23 13:22:58 [main] INFO  Log - Closing browser...
2025-03-24 09:19:34 [main] INFO  Log - Starting webDriver...
2025-03-24 09:19:41 [main] INFO  Log - Navigating to URL...
2025-03-24 09:19:44 [main] INFO  Log - Starting login test...
2025-03-24 09:19:44 [main] INFO  Log - Adding credentials...
2025-03-24 09:19:45 [main] INFO  Log - Closing browser...
2025-03-24 10:13:09 [main] INFO  Log - Starting webDriver...
2025-03-24 10:13:12 [main] INFO  Log - Navigating to URL...
2025-03-24 10:13:16 [main] INFO  Log - Starting login test...
2025-03-24 10:13:16 [main] INFO  Log - Adding credentials...
2025-03-24 10:13:17 [main] INFO  Log - Closing browser...
2025-03-24 10:13:17 [main] INFO  Log - Starting webDriver...
2025-03-24 10:13:19 [main] INFO  Log - Navigating to URL...
2025-03-24 10:13:22 [main] INFO  Log - Starting login test...
2025-03-24 10:13:22 [main] INFO  Log - Adding credentials...
2025-03-24 10:13:23 [main] INFO  Log - Closing browser...
2025-03-24 10:13:23 [main] INFO  Log - Starting webDriver...
2025-03-24 10:13:25 [main] INFO  Log - Navigating to URL...
2025-03-24 10:13:28 [main] INFO  Log - Starting login test...
2025-03-24 10:13:28 [main] INFO  Log - Adding credentials...
2025-03-24 10:13:29 [main] INFO  Log - Closing browser...
2025-03-24 10:13:29 [main] INFO  Log - Starting webDriver...
2025-03-24 10:13:31 [main] INFO  Log - Navigating to URL...
2025-03-24 10:13:34 [main] INFO  Log - Starting login test...
2025-03-24 10:13:34 [main] INFO  Log - Adding credentials...
2025-03-24 10:13:34 [main] INFO  Log - Closing browser...
2025-03-24 10:13:35 [main] INFO  Log - Starting webDriver...
2025-03-24 10:13:36 [main] INFO  Log - Navigating to URL...
2025-03-24 10:13:39 [main] INFO  Log - Starting login test...
2025-03-24 10:13:39 [main] INFO  Log - Adding credentials...
2025-03-24 10:13:40 [main] INFO  Log - Closing browser...
2025-03-24 10:13:40 [main] INFO  Log - Starting webDriver...
2025-03-24 10:13:42 [main] INFO  Log - Navigating to URL...
2025-03-24 10:13:45 [main] INFO  Log - Starting login test...
2025-03-24 10:13:45 [main] INFO  Log - Adding credentials...
2025-03-24 10:13:46 [main] INFO  Log - Closing browser...
2025-03-24 10:17:34 [main] INFO  Log - Starting webDriver...
2025-03-24 10:17:37 [main] INFO  Log - Navigating to URL...
2025-03-24 10:17:41 [main] INFO  Log - Starting login test...
2025-03-24 10:17:41 [main] INFO  Log - Adding credentials...
2025-03-24 10:17:42 [main] INFO  Log - Closing browser...
2025-03-24 10:17:42 [main] INFO  Log - Starting webDriver...
2025-03-24 10:17:44 [main] INFO  Log - Navigating to URL...
2025-03-24 10:17:47 [main] INFO  Log - Starting login test...
2025-03-24 10:17:47 [main] INFO  Log - Adding credentials...
2025-03-24 10:17:48 [main] INFO  Log - Closing browser...
2025-03-24 10:17:49 [main] INFO  Log - Starting webDriver...
2025-03-24 10:17:50 [main] INFO  Log - Navigating to URL...
2025-03-24 10:17:53 [main] INFO  Log - Starting login test...
2025-03-24 10:17:53 [main] INFO  Log - Adding credentials...
2025-03-24 10:17:54 [main] INFO  Log - Closing browser...
2025-03-24 10:18:27 [main] INFO  Log - Starting webDriver...
2025-03-24 10:18:29 [main] INFO  Log - Navigating to URL...
2025-03-24 10:18:32 [main] INFO  Log - Starting login test...
2025-03-24 10:18:32 [main] INFO  Log - Adding credentials...
2025-03-24 10:18:33 [main] INFO  Log - Closing browser...
2025-03-24 10:18:33 [main] INFO  Log - Starting webDriver...
2025-03-24 10:18:35 [main] INFO  Log - Navigating to URL...
2025-03-24 10:18:38 [main] INFO  Log - Starting login test...
2025-03-24 10:18:38 [main] INFO  Log - Adding credentials...
2025-03-24 10:18:39 [main] INFO  Log - Closing browser...
2025-03-24 10:18:39 [main] INFO  Log - Starting webDriver...
2025-03-24 10:18:41 [main] INFO  Log - Navigating to URL...
2025-03-24 10:18:44 [main] INFO  Log - Starting login test...
2025-03-24 10:18:44 [main] INFO  Log - Adding credentials...
2025-03-24 10:18:45 [main] INFO  Log - Closing browser...
2025-03-24 10:18:45 [main] INFO  Log - Starting webDriver...
2025-03-24 10:18:46 [main] INFO  Log - Navigating to URL...
2025-03-24 10:18:49 [main] INFO  Log - Starting login test...
2025-03-24 10:18:49 [main] INFO  Log - Adding credentials...
2025-03-24 10:18:50 [main] INFO  Log - Closing browser...
2025-03-24 10:25:04 [main] INFO  Log - Starting webDriver...
2025-03-24 10:25:08 [main] INFO  Log - Navigating to URL...
2025-03-24 10:25:11 [main] INFO  Log - Starting login test...
2025-03-24 10:25:11 [main] INFO  Log - Adding credentials...
2025-03-24 10:25:12 [main] INFO  Log - Closing browser...
2025-03-24 10:25:12 [main] INFO  Log - Starting webDriver...
2025-03-24 10:25:14 [main] INFO  Log - Navigating to URL...
2025-03-24 10:25:17 [main] INFO  Log - Starting login test...
2025-03-24 10:25:17 [main] INFO  Log - Adding credentials...
2025-03-24 10:25:18 [main] INFO  Log - Closing browser...
2025-03-24 10:25:19 [main] INFO  Log - Starting webDriver...
2025-03-24 10:25:20 [main] INFO  Log - Navigating to URL...
2025-03-24 10:25:23 [main] INFO  Log - Starting login test...
2025-03-24 10:25:23 [main] INFO  Log - Adding credentials...
2025-03-24 10:25:24 [main] INFO  Log - Closing browser...
2025-03-24 10:25:25 [main] INFO  Log - Starting webDriver...
2025-03-24 10:25:27 [main] INFO  Log - Navigating to URL...
2025-03-24 10:25:30 [main] INFO  Log - Starting login test...
2025-03-24 10:25:30 [main] INFO  Log - Adding credentials...
2025-03-24 10:25:31 [main] INFO  Log - Closing browser...
2025-03-24 10:35:55 [main] INFO  Log - Starting webDriver...
2025-03-24 10:35:58 [main] INFO  Log - Navigating to URL...
2025-03-24 10:36:01 [main] INFO  Log - Starting login test...
2025-03-24 10:36:01 [main] INFO  Log - Adding credentials...
2025-03-24 10:36:02 [main] INFO  Log - Closing browser...
2025-03-24 10:36:02 [main] INFO  Log - Starting webDriver...
2025-03-24 10:36:04 [main] INFO  Log - Navigating to URL...
2025-03-24 10:36:07 [main] INFO  Log - Starting login test...
2025-03-24 10:36:07 [main] INFO  Log - Adding credentials...
2025-03-24 10:36:08 [main] INFO  Log - Closing browser...
2025-03-24 10:36:08 [main] INFO  Log - Starting webDriver...
2025-03-24 10:36:09 [main] INFO  Log - Navigating to URL...
2025-03-24 10:36:12 [main] INFO  Log - Starting login test...
2025-03-24 10:36:12 [main] INFO  Log - Adding credentials...
2025-03-24 10:36:13 [main] INFO  Log - Closing browser...
2025-03-24 10:36:14 [main] INFO  Log - Starting webDriver...
2025-03-24 10:36:16 [main] INFO  Log - Navigating to URL...
2025-03-24 10:36:19 [main] INFO  Log - Starting login test...
2025-03-24 10:36:19 [main] INFO  Log - Adding credentials...
2025-03-24 10:36:20 [main] INFO  Log - Closing browser...
2025-03-24 10:36:20 [main] INFO  Log - Starting webDriver...
2025-03-24 10:36:22 [main] INFO  Log - Navigating to URL...
2025-03-24 10:36:25 [main] INFO  Log - Starting login test...
2025-03-24 10:36:25 [main] INFO  Log - Adding credentials...
2025-03-24 10:36:26 [main] INFO  Log - Closing browser...
2025-03-24 20:31:39 [main] INFO  Log - Starting webDriver...
2025-03-24 20:31:43 [main] INFO  Log - Navigating to URL...
2025-03-24 20:31:46 [main] INFO  Log - Starting login test...
2025-03-24 20:31:46 [main] INFO  Log - Adding credentials...
2025-03-24 20:31:47 [main] INFO  Log - Closing browser...
